INFO:root: 16:52:28.915253 file 't1.yml' created in '/root/Migration-as-a-Service/src/northbound/config_files/infrastructure'
INFO:root: 16:52:28.920827 Created t1/VM_templates directory for tenant t1.yml
INFO:root: 17:00:08.383238 SUCCESSFULLY completed creating the required infrastructure for tenant t1
INFO:root: 17:00:08.385694 file 't1.yml' modified in '/root/Migration-as-a-Service/src/northbound/config_files/infrastructure'
INFO:root: 17:14:48.711165 file '.t1.yml.swp' created in '/root/Migration-as-a-Service/src/northbound/config_files/infrastructure'
INFO:root: 17:15:37.305458 file 't2.yml' created in '/root/Migration-as-a-Service/src/northbound/config_files/infrastructure'
INFO:root: 17:15:37.313873 Created t2/VM_templates directory for tenant t2.yml
INFO:root: 17:23:56.265972 SUCCESSFULLY completed creating the required infrastructure for tenant t2
INFO:root: 17:23:56.268812 file 't2.yml' modified in '/root/Migration-as-a-Service/src/northbound/config_files/infrastructure'
INFO:root: 17:41:30.352184 file 't3.yml' created in '/root/Migration-as-a-Service/src/northbound/config_files/infrastructure'
INFO:root: 17:41:30.359817 Created t3/VM_templates directory for tenant t3.yml
INFO:root: 17:50:02.006935 SUCCESSFULLY completed creating the required infrastructure for tenant t3
INFO:root: 17:50:02.009306 file 't3.yml' modified in '/root/Migration-as-a-Service/src/northbound/config_files/infrastructure'
INFO:root: 17:55:59.162348 file 't3_mig.yml' created in '/root/Migration-as-a-Service/src/northbound/config_files/migration'
INFO:root: 17:55:59.167592 Created t3_mig directory for tenant t3_mig.yml
ERROR:root: 17:56:01.758150 FAILED to migrate for tenant t3_mig
INFO:root: 17:56:01.758574 SUCCESSFULLY migrated for tenant t3_mig
INFO:root: 17:56:01.758736 file 't3_mig.yml' modified in '/root/Migration-as-a-Service/src/northbound/config_files/migration'
INFO:root: 17:59:28.381939 file 't3_mig.yml' created in '/root/Migration-as-a-Service/src/northbound/config_files/migration'
ERROR:root: 17:59:31.510682 FAILED to create migration infrastructure for tenant t3_mig
INFO:root: 17:59:31.511141 SUCCESSFULLY migrated for tenant t3_mig
INFO:root: 17:59:31.511324 file 't3_mig.yml' modified in '/root/Migration-as-a-Service/src/northbound/config_files/migration'
INFO:root: 18:02:28.886543 file 't3_mig.yml' created in '/root/Migration-as-a-Service/src/northbound/config_files/migration'
ERROR:root: 18:02:31.794372 FAILED to create migration infrastructure for tenant t3_mig
INFO:root: 18:02:31.794903 SUCCESSFULLY migrated for tenant t3_mig
INFO:root: 18:02:31.795154 file 't3_mig.yml' modified in '/root/Migration-as-a-Service/src/northbound/config_files/migration'
INFO:root: 18:05:18.015980 file 't3_mig.yml' created in '/root/Migration-as-a-Service/src/northbound/config_files/migration'
INFO:root: 18:05:25.251138 file 't3_mig.yml' created in '/root/Migration-as-a-Service/src/northbound/config_files/migration'
ERROR:root: 18:17:15.970091 FAILED to migrate for tenant t3_mig
INFO:root: 18:17:15.972179 SUCCESSFULLY migrated for tenant t3_mig
INFO:root: 18:17:15.972730 file 't3_mig.yml' modified in '/root/Migration-as-a-Service/src/northbound/config_files/migration'
INFO:root: 18:18:35.436764 file 't4.yml' created in '/root/Migration-as-a-Service/src/northbound/config_files/infrastructure'
INFO:root: 18:18:35.449293 Created t4/VM_templates directory for tenant t4.yml
INFO:root: 18:26:18.425043 SUCCESSFULLY completed creating the required infrastructure for tenant t4
INFO:root: 18:26:18.427766 file 't4.yml' modified in '/root/Migration-as-a-Service/src/northbound/config_files/infrastructure'
INFO:root: 18:31:58.912750 file 't4_mig.yml3' created in '/root/Migration-as-a-Service/src/northbound/config_files/migration'
INFO:root: 18:31:58.918547 Created t4_mig directory for tenant t4_mig.yml3
ERROR:root: 18:31:59.156755 FAILED to migrate for tenant t4_mig
INFO:root: 18:31:59.157266 SUCCESSFULLY migrated for tenant t4_mig
INFO:root: 18:31:59.157506 file 't4_mig.yml3' modified in '/root/Migration-as-a-Service/src/northbound/config_files/migration'
INFO:root: 18:33:33.610320 file 't4_mig.yml' created in '/root/Migration-as-a-Service/src/northbound/config_files/migration'
INFO:root: 18:33:42.414294 file 't4_mig.yml' created in '/root/Migration-as-a-Service/src/northbound/config_files/migration'
INFO:root: 18:33:50.785342 file 't4_mig.yml' deleted in '/root/Migration-as-a-Service/src/northbound/config_files/migration'
INFO:root: 18:33:54.245668 file 't4_mig.yml' created in '/root/Migration-as-a-Service/src/northbound/config_files/migration'
INFO:root: 18:34:25.733703 file 't4_mig.yml' created in '/root/Migration-as-a-Service/src/northbound/config_files/migration'
INFO:root: 18:57:20.533552 SUCCESSFULLY migrated for tenant t4_mig
INFO:root: 18:57:20.535737 file 't4_mig.yml' modified in '/root/Migration-as-a-Service/src/northbound/config_files/migration'
INFO:root: 18:57:20.537015 file '.t4_mig.yml.swp' created in '/root/Migration-as-a-Service/src/northbound/config_files/migration'
INFO:root: 21:08:52.675036 file 't6.yml' created in '/root/Migration-as-a-Service-2.0/src/northbound/config_files/infrastructure'
INFO:root: 21:08:52.683644 Created t6/VM_templates directory for tenant t6.yml
INFO:root: 21:08:52.869959 file 't6.yml' modified in '/root/Migration-as-a-Service-2.0/src/northbound/config_files/infrastructure'
INFO:root: 21:25:06.169676 file 't6.yml' created in '/root/Migration-as-a-Service-2.0/src/northbound/config_files/infrastructure'
ERROR:root: 21:25:07.454373 FAILED to create infrastructure for tenant t6
INFO:root: 21:25:07.455481 file 't6.yml' modified in '/root/Migration-as-a-Service-2.0/src/northbound/config_files/infrastructure'
INFO:root: 21:25:38.548567 file 't6.yml' created in '/root/Migration-as-a-Service-2.0/src/northbound/config_files/infrastructure'
ERROR:root: 21:25:40.210170 FAILED to create infrastructure for tenant t6
INFO:root: 21:25:40.210796 file 't6.yml' modified in '/root/Migration-as-a-Service-2.0/src/northbound/config_files/infrastructure'
INFO:root: 21:26:58.789931 file 't6.yml' created in '/root/Migration-as-a-Service-2.0/src/northbound/config_files/infrastructure'
ERROR:root: 21:27:02.681932 FAILED to create infrastructure for tenant t6
INFO:root: 21:27:02.682905 file 't6.yml' modified in '/root/Migration-as-a-Service-2.0/src/northbound/config_files/infrastructure'
INFO:root: 21:27:25.757929 file 't6.yml' deleted in '/root/Migration-as-a-Service-2.0/src/northbound/config_files/infrastructure'
INFO:root: 21:27:34.098670 file 't6.yml' created in '/root/Migration-as-a-Service-2.0/src/northbound/config_files/infrastructure'
INFO:root: 21:27:37.292281 file 't6.yml' modified in '/root/Migration-as-a-Service-2.0/src/northbound/config_files/infrastructure'
INFO:root: 22:20:40.215966 file 't6.yml' created in '/root/Migration-as-a-Service-2.0/src/northbound/config_files/infrastructure'
INFO:root: 22:20:41.296433 file 't6.yml' modified in '/root/Migration-as-a-Service-2.0/src/northbound/config_files/infrastructure'
INFO:root: 22:22:38.084230 file 't6.yml' created in '/root/Migration-as-a-Service-2.0/src/northbound/config_files/infrastructure'
INFO:root: 22:22:39.411592 file 't6.yml' modified in '/root/Migration-as-a-Service-2.0/src/northbound/config_files/infrastructure'
INFO:root: 22:24:47.567226 file 't6.yml' created in '/root/Migration-as-a-Service-2.0/src/northbound/config_files/infrastructure'
INFO:root: 22:24:57.104731 file 't6.yml' created in '/root/Migration-as-a-Service-2.0/src/northbound/config_files/infrastructure'
INFO:root: 22:25:00.960873 file 't6.yml' modified in '/root/Migration-as-a-Service-2.0/src/northbound/config_files/infrastructure'
INFO:root: 22:34:39.649352 file 't6.yml' created in '/root/Migration-as-a-Service-2.0/src/northbound/config_files/infrastructure'
INFO:root: 22:34:43.440185 file 't6.yml' modified in '/root/Migration-as-a-Service-2.0/src/northbound/config_files/infrastructure'
INFO:root: 22:40:53.972420 file 't6.yml' created in '/root/Migration-as-a-Service-2.0/src/northbound/config_files/infrastructure'
INFO:root: 22:41:00.322706 file 't6.yml' created in '/root/Migration-as-a-Service-2.0/src/northbound/config_files/infrastructure'
INFO:root: 22:41:24.580648 file 't6.yml' created in '/root/Migration-as-a-Service-2.0/src/northbound/config_files/infrastructure'
ERROR:root: 22:43:57.635203 FAILED to create infrastructure for tenant t6
INFO:root: 22:43:57.636106 file 't6.yml' modified in '/root/Migration-as-a-Service-2.0/src/northbound/config_files/infrastructure'
INFO:root: 22:56:22.887321 file 't6.yml' created in '/root/Migration-as-a-Service-2.0/src/northbound/config_files/infrastructure'
ERROR:root: 22:56:26.782181 FAILED to create infrastructure for tenant t6
INFO:root: 22:56:26.782760 file 't6.yml' modified in '/root/Migration-as-a-Service-2.0/src/northbound/config_files/infrastructure'
INFO:root: 22:57:57.122151 file 't6.yml' deleted in '/root/Migration-as-a-Service-2.0/src/northbound/config_files/infrastructure'
INFO:root: 22:58:22.564117 file 't6.yml' created in '/root/Migration-as-a-Service-2.0/src/northbound/config_files/infrastructure'
INFO:root: 22:58:34.484230 file 't6.yml' deleted in '/root/Migration-as-a-Service-2.0/src/northbound/config_files/infrastructure'
INFO:root: 22:58:35.995099 file 't6.yml' created in '/root/Migration-as-a-Service-2.0/src/northbound/config_files/infrastructure'
ERROR:root: 22:58:39.843826 FAILED to create infrastructure for tenant t6
INFO:root: 22:58:39.844595 file 't6.yml' modified in '/root/Migration-as-a-Service-2.0/src/northbound/config_files/infrastructure'
INFO:root: 23:09:55.374879 file 't6.yml' created in '/root/Migration-as-a-Service-2.0/src/northbound/config_files/infrastructure'
INFO:root: 23:10:06.033252 file 't6.yml' created in '/root/Migration-as-a-Service-2.0/src/northbound/config_files/infrastructure'
ERROR:root: 23:12:53.291321 FAILED to create infrastructure for tenant t6
INFO:root: 23:12:53.292241 file 't6.yml' modified in '/root/Migration-as-a-Service-2.0/src/northbound/config_files/infrastructure'
INFO:root: 23:13:49.819983 file 't6.yml' created in '/root/Migration-as-a-Service-2.0/src/northbound/config_files/infrastructure'
INFO:root: 23:13:49.827744 Created t6/VM_templates directory for tenant t6.yml
ERROR:root: 23:14:21.989940 FAILED to create infrastructure for tenant t6
INFO:root: 23:14:21.990759 file 't6.yml' modified in '/root/Migration-as-a-Service-2.0/src/northbound/config_files/infrastructure'
INFO:root: 23:14:35.353618 file 't7.yml' created in '/root/Migration-as-a-Service-2.0/src/northbound/config_files/infrastructure'
INFO:root: 23:14:35.362705 Created t7/VM_templates directory for tenant t7.yml
ERROR:root: 23:15:45.923852 FAILED to create infrastructure for tenant t7
INFO:root: 23:15:45.924661 file 't7.yml' modified in '/root/Migration-as-a-Service-2.0/src/northbound/config_files/infrastructure'
INFO:root: 23:50:13.169105 file 't8.yml' created in '/root/Migration-as-a-Service-2.0/src/northbound/config_files/infrastructure'
INFO:root: 23:50:13.184575 Created t8/VM_templates directory for tenant t8.yml
INFO:root: 23:56:44.652000 file 't8.yml' modified in '/root/Migration-as-a-Service-2.0/src/northbound/config_files/infrastructure'
INFO:root: 02:38:35.298649 file 't9.yml' created in '/root/Migration-as-a-Service-2.0/src/northbound/config_files/infrastructure'
INFO:root: 02:38:35.309565 Created t9/VM_templates directory for tenant t9.yml
INFO:root: 02:38:48.899285 file 't9.yml' modified in '/root/Migration-as-a-Service-2.0/src/northbound/config_files/infrastructure'
INFO:root: 03:16:52.277422 file 't2.yml' created in '/root/Migration-as-a-Service-2.0/src/northbound/config_files/infrastructure'
INFO:root: 03:16:52.284533 Created t2/VM_templates directory for tenant t2.yml
INFO:root: 03:17:05.309711 file 't2.yml' modified in '/root/Migration-as-a-Service-2.0/src/northbound/config_files/infrastructure'
INFO:root: 03:21:31.967753 file 't2.yml' created in '/root/Migration-as-a-Service-2.0/src/northbound/config_files/infrastructure'
INFO:root: 03:21:46.613492 file 't2.yml' modified in '/root/Migration-as-a-Service-2.0/src/northbound/config_files/infrastructure'
INFO:root: 03:27:05.960490 file 't3.yml' created in '/root/Migration-as-a-Service-2.0/src/northbound/config_files/infrastructure'
INFO:root: 03:27:05.967721 Created t3/VM_templates directory for tenant t3.yml
INFO:root: 03:27:18.148651 file 't3.yml' modified in '/root/Migration-as-a-Service-2.0/src/northbound/config_files/infrastructure'
INFO:root: 03:37:26.846500 file 't4.yml' created in '/root/Migration-as-a-Service-2.0/src/northbound/config_files/infrastructure'
INFO:root: 03:37:26.855145 Created t4/VM_templates directory for tenant t4.yml
INFO:root: 03:37:39.595847 file 't4.yml' modified in '/root/Migration-as-a-Service-2.0/src/northbound/config_files/infrastructure'
INFO:root: 08:16:31.738748 file 't2.yml' created in '/root/Migration-as-a-Service-2.0/src/northbound/config_files/infrastructure'
INFO:root: 08:16:43.598090 file 't2.yml' modified in '/root/Migration-as-a-Service-2.0/src/northbound/config_files/infrastructure'
INFO:root: 08:17:22.484045 file '.t2.yml.swp' created in '/root/Migration-as-a-Service-2.0/src/northbound/config_files/infrastructure'
INFO:root: 10:02:38.313574 file '.t2.yml.swp' created in '/root/Migration-as-a-Service-2.0/src/northbound/config_files/infrastructure'
INFO:root: 10:03:00.042224 file 't1.yml' created in '/root/Migration-as-a-Service-2.0/src/northbound/config_files/infrastructure'
INFO:root: 10:03:00.050902 Created t1/VM_templates directory for tenant t1.yml
INFO:root: 10:05:35.640313 file 't1.yml' modified in '/root/Migration-as-a-Service-2.0/src/northbound/config_files/infrastructure'
INFO:root: 16:00:07.820989 file 't2.yml' deleted in '/root/Migration-as-a-Service-2.0/src/northbound/config_files/infrastructure'
INFO:root: 16:00:17.507252 file 't2.yml' created in '/root/Migration-as-a-Service-2.0/src/northbound/config_files/infrastructure'
INFO:root: 16:06:11.290979 file 't2.yml' modified in '/root/Migration-as-a-Service-2.0/src/northbound/config_files/infrastructure'
INFO:root: 16:30:03.733739 file 't3.yml' created in '/root/Migration-as-a-Service-2.0/src/northbound/config_files/infrastructure'
INFO:root: 16:32:49.556713 file 't3.yml' modified in '/root/Migration-as-a-Service-2.0/src/northbound/config_files/infrastructure'
INFO:root: 17:24:45.064224 file 't4.yml' created in '/root/Migration-as-a-Service-2.0/src/northbound/config_files/infrastructure'
INFO:root: 17:25:15.407006 file 't4.yml' modified in '/root/Migration-as-a-Service-2.0/src/northbound/config_files/infrastructure'
INFO:root: 20:19:07.530389 file 't5.yml' created in '/root/Migration-as-a-Service-2.0/src/northbound/config_files/infrastructure'
INFO:root: 20:19:07.569867 Created t5/VM_templates directory for tenant t5.yml
INFO:root: 20:19:38.871921 file 't5.yml' modified in '/root/Migration-as-a-Service-2.0/src/northbound/config_files/infrastructure'
INFO:root: 20:44:42.050270 file 't6.yml' created in '/root/Migration-as-a-Service-2.0/src/northbound/config_files/infrastructure'
INFO:root: 20:44:42.059650 Created t6/VM_templates directory for tenant t6.yml
INFO:root: 20:52:44.118133 file 't6.yml' modified in '/root/Migration-as-a-Service-2.0/src/northbound/config_files/infrastructure'
INFO:root: 22:06:45.914425 file 't2.yml' created in '/root/Migration-as-a-Service-2.0/src/northbound/config_files/infrastructure'
INFO:root: 22:06:45.921207 Created t2/VM_templates directory for tenant t2.yml
ERROR:root: 22:06:47.091069 FAILED to create infrastructure for tenant t2
INFO:root: 22:06:47.091600 file 't2.yml' modified in '/root/Migration-as-a-Service-2.0/src/northbound/config_files/infrastructure'
INFO:root: 22:16:27.297259 file 't2.yml' created in '/root/Migration-as-a-Service-2.0/src/northbound/config_files/infrastructure'
INFO:root: 22:16:36.314951 file 't2.yml' created in '/root/Migration-as-a-Service-2.0/src/northbound/config_files/infrastructure'
INFO:root: 22:19:48.141133 file 't2.yml' modified in '/root/Migration-as-a-Service-2.0/src/northbound/config_files/infrastructure'
INFO:root: 23:18:15.357650 file 't3.yml' created in '/root/Migration-as-a-Service-2.0/src/northbound/config_files/infrastructure'
INFO:root: 23:18:15.357593 file 't3.yml' created in '/root/Migration-as-a-Service-2.0/src/northbound/config_files/infrastructure'
INFO:root: 23:18:15.365055 Created t3/VM_templates directory for tenant t3.yml
INFO:root: 23:18:15.366688 Created t3/VM_templates directory for tenant t3.yml
ERROR:root: 23:19:43.979750 FAILED to create infrastructure for tenant t3
INFO:root: 23:19:43.981437 file 't3.yml' modified in '/root/Migration-as-a-Service-2.0/src/northbound/config_files/infrastructure'
INFO:root: 23:19:43.982292 file 't4.yml' created in '/root/Migration-as-a-Service-2.0/src/northbound/config_files/infrastructure'
INFO:root: 23:19:43.990708 Created t4/VM_templates directory for tenant t4.yml
INFO:root: 23:19:44.072714 file 't4.yml' modified in '/root/Migration-as-a-Service-2.0/src/northbound/config_files/infrastructure'
INFO:root: 23:21:29.528785 file 't5.yml' created in '/root/Migration-as-a-Service-2.0/src/northbound/config_files/infrastructure'
INFO:root: 23:21:29.536063 Created t5/VM_templates directory for tenant t5.yml
INFO:root: 23:34:16.730875 file 't3.yml' modified in '/root/Migration-as-a-Service-2.0/src/northbound/config_files/infrastructure'
INFO:root: 23:34:16.732256 file 't4.yml' created in '/root/Migration-as-a-Service-2.0/src/northbound/config_files/infrastructure'
ERROR:root: 23:34:18.651432 FAILED to create infrastructure for tenant t5
ERROR:root: 23:34:18.652709 FAILED to create infrastructure for tenant t5
INFO:root: 23:34:18.653662 file 't5.yml' modified in '/root/Migration-as-a-Service-2.0/src/northbound/config_files/infrastructure'
INFO:root: 23:35:23.506825 file 't4.yml' modified in '/root/Migration-as-a-Service-2.0/src/northbound/config_files/infrastructure'
INFO:root: 23:35:23.507976 file 't5.yml' created in '/root/Migration-as-a-Service-2.0/src/northbound/config_files/infrastructure'
INFO:root: 23:36:52.406731 file 't5.yml' modified in '/root/Migration-as-a-Service-2.0/src/northbound/config_files/infrastructure'
INFO:root: 23:40:11.194294 file 't6.yml' created in '/root/Migration-as-a-Service-2.0/src/northbound/config_files/infrastructure'
INFO:root: 23:40:11.205247 Created t6/VM_templates directory for tenant t6.yml
ERROR:root: 23:41:25.325487 FAILED to create infrastructure for tenant t6
ERROR:root: 23:41:25.327800 FAILED to create infrastructure for tenant t6
INFO:root: 23:41:25.328224 file 't6.yml' modified in '/root/Migration-as-a-Service-2.0/src/northbound/config_files/infrastructure'
INFO:root: 00:47:42.604478 file '.t6.yml.swp' created in '/root/Migration-as-a-Service-2.0/src/northbound/config_files/infrastructure'
INFO:root: 00:48:04.806613 file 't7.yml' created in '/root/Migration-as-a-Service-2.0/src/northbound/config_files/infrastructure'
INFO:root: 00:48:04.835436 Created t7/VM_templates directory for tenant t7.yml
ERROR:root: 00:49:26.735127 FAILED to create infrastructure for tenant t7
ERROR:root: 00:49:26.735617 FAILED to create infrastructure for tenant t7
INFO:root: 00:49:26.735820 file 't7.yml' modified in '/root/Migration-as-a-Service-2.0/src/northbound/config_files/infrastructure'
INFO:root: 00:53:18.860141 file 't2_mig.yml' created in '/root/Migration-as-a-Service-2.0/src/northbound/config_files/migration'
INFO:root: 00:53:18.876602 Created t2_mig directory for tenant t2_mig.yml
INFO:root: 00:53:18.889509 Created t2_mig directory for tenant t2_mig.yml
INFO:root: 00:53:18.890592 file 't2_mig.yml' modified in '/root/Migration-as-a-Service-2.0/src/northbound/config_files/migration'
INFO:root: 00:53:34.361119 file 't11_mig.yml' created in '/root/Migration-as-a-Service-2.0/src/northbound/config_files/migration'
INFO:root: 00:53:34.365690 Created t11_mig directory for tenant t11_mig.yml
INFO:root: 00:53:34.370258 file 't11_mig.yml' modified in '/root/Migration-as-a-Service-2.0/src/northbound/config_files/migration'
INFO:root: 00:54:44.105111 file '.t7.yml.swp' created in '/root/Migration-as-a-Service-2.0/src/northbound/config_files/infrastructure'
INFO:root: 00:55:03.365230 file 't9.yml' created in '/root/Migration-as-a-Service-2.0/src/northbound/config_files/infrastructure'
INFO:root: 00:55:03.372986 Created t9/VM_templates directory for tenant t9.yml
ERROR:root: 00:56:50.013755 FAILED to create infrastructure for tenant t9
ERROR:root: 00:56:50.015790 FAILED to create infrastructure for tenant t9
INFO:root: 00:56:50.016811 file 't9.yml' modified in '/root/Migration-as-a-Service-2.0/src/northbound/config_files/infrastructure'
INFO:root: 00:58:10.268284 file '.t9.yml.swp' created in '/root/Migration-as-a-Service-2.0/src/northbound/config_files/infrastructure'
INFO:root: 01:00:36.971230 file 't11.yml' created in '/root/Migration-as-a-Service-2.0/src/northbound/config_files/infrastructure'
INFO:root: 01:00:36.982692 Created t11/VM_templates directory for tenant t11.yml
ERROR:root: 01:03:54.977989 FAILED to create infrastructure for tenant t11
ERROR:root: 01:03:54.979165 FAILED to create infrastructure for tenant t11
INFO:root: 01:03:54.979812 file 't11.yml' modified in '/root/Migration-as-a-Service-2.0/src/northbound/config_files/infrastructure'
INFO:root: 01:06:34.599373 file '.t9.yml.swp' deleted in '/root/Migration-as-a-Service-2.0/src/northbound/config_files/infrastructure'
INFO:root: 01:11:34.629876 file 't12.yml' created in '/root/Migration-as-a-Service-2.0/src/northbound/config_files/infrastructure'
INFO:root: 01:11:34.639321 Created t12/VM_templates directory for tenant t12.yml
INFO:root: 01:12:45.019819 file 't12.yml' modified in '/root/Migration-as-a-Service-2.0/src/northbound/config_files/infrastructure'
INFO:root: 01:35:19.416947 file 't13.yml' created in '/root/Migration-as-a-Service-2.0/src/northbound/config_files/infrastructure'
INFO:root: 01:35:19.417042 file 't13.yml' created in '/root/Migration-as-a-Service-2.0/src/northbound/config_files/infrastructure'
INFO:root: 01:35:19.427787 Created t13/VM_templates directory for tenant t13.yml
INFO:root: 01:35:19.433134 Created t13/VM_templates directory for tenant t13.yml
ERROR:root: 01:35:21.896742 FAILED to create infrastructure for tenant t13
INFO:root: 01:35:21.897401 file 't13.yml' modified in '/root/Migration-as-a-Service-2.0/src/northbound/config_files/infrastructure'
INFO:root: 01:38:00.425492 SUCCESSFULLY completed creating the required infrastructure for tenant t13
INFO:root: 01:38:00.427144 file 't13.yml' modified in '/root/Migration-as-a-Service-2.0/src/northbound/config_files/infrastructure'
INFO:root: 03:01:37.438343 file 't1.yml' created in '/root/Migration-as-a-Service-2.0/src/northbound/config_files/infrastructure'
INFO:root: 03:01:37.498631 Created t1/VM_templates directory for tenant t1.yml
ERROR:root: 03:01:37.815522 FAILED to create infrastructure for tenant t1
ERROR:root: 03:01:37.815943 FAILED to create infrastructure for tenant t1
INFO:root: 03:01:37.816217 file 't1.yml' modified in '/root/Migration-as-a-Service-2.0/src/northbound/config_files/infrastructure'
INFO:root: 03:01:55.090152 file '.t1.yml.swp' created in '/root/Migration-as-a-Service-2.0/src/northbound/config_files/infrastructure'
INFO:root: 03:03:00.084004 file 't1.yml' created in '/root/Migration-as-a-Service-2.0/src/northbound/config_files/infrastructure'
INFO:root: 03:03:11.287171 file 't1.yml' created in '/root/Migration-as-a-Service-2.0/src/northbound/config_files/infrastructure'
INFO:root: 03:05:48.388595 SUCCESSFULLY completed creating the required infrastructure for tenant t1
INFO:root: 03:05:48.389713 file 't1.yml' modified in '/root/Migration-as-a-Service-2.0/src/northbound/config_files/infrastructure'
INFO:root: 03:12:24.721586 file '.t1.yml.swp' created in '/root/Migration-as-a-Service-2.0/src/northbound/config_files/infrastructure'
INFO:root: 03:15:24.217030 file 't1_mig.yml' created in '/root/Migration-as-a-Service-2.0/src/northbound/config_files/migration'
INFO:root: 03:15:24.221824 Created t1_mig directory for tenant t1_mig.yml
ERROR:root: 03:15:25.097416 FAILED to migrate for tenant t1_mig
INFO:root: 03:15:25.097863 SUCCESSFULLY migrated for tenant t1_mig
INFO:root: 03:15:25.098164 file 't1_mig.yml' modified in '/root/Migration-as-a-Service-2.0/src/northbound/config_files/migration'
INFO:root: 03:18:10.528757 file 't1_mig.yml' created in '/root/Migration-as-a-Service-2.0/src/northbound/config_files/migration'
INFO:root: 03:18:10.533786 Created t1_mig directory for tenant t1_mig.yml
INFO:root: 03:18:11.059551 SUCCESSFULLY migrated for tenant t1_mig
INFO:root: 03:18:11.060247 file 't1_mig.yml' modified in '/root/Migration-as-a-Service-2.0/src/northbound/config_files/migration'
INFO:root: 04:25:13.482539 file 't2.yml' created in '/root/Migration-as-a-Service-2.0/src/northbound/config_files/infrastructure'
INFO:root: 04:27:56.279290 SUCCESSFULLY completed creating the required infrastructure for tenant t2
INFO:root: 04:27:56.280471 file 't2.yml' modified in '/root/Migration-as-a-Service-2.0/src/northbound/config_files/infrastructure'
INFO:root: 04:32:41.472726 file 't2_mig.yml' modified in '/root/Migration-as-a-Service-2.0/src/northbound/config_files/migration'
INFO:root: 04:32:41.473127 file 't2_mig.yml' modified in '/root/Migration-as-a-Service-2.0/src/northbound/config_files/migration'
INFO:root: 04:34:17.411569 file 't2_mig.yml' created in '/root/Migration-as-a-Service-2.0/src/northbound/config_files/migration'
INFO:root: 04:34:17.415802 Created t2_mig directory for tenant t2_mig.yml
ERROR:root: 04:34:19.635423 FAILED to migrate for tenant t2_mig
INFO:root: 04:34:19.635870 SUCCESSFULLY migrated for tenant t2_mig
INFO:root: 04:34:19.636192 file 't2_mig.yml' modified in '/root/Migration-as-a-Service-2.0/src/northbound/config_files/migration'
INFO:root: 04:35:30.721686 file 't2_mig.yml' created in '/root/Migration-as-a-Service-2.0/src/northbound/config_files/migration'
INFO:root: 04:35:38.232452 file 't2_mig.yml' created in '/root/Migration-as-a-Service-2.0/src/northbound/config_files/migration'
INFO:root: 04:35:55.491793 file 't2_mig.yml' deleted in '/root/Migration-as-a-Service-2.0/src/northbound/config_files/migration'
INFO:root: 04:36:00.065214 file 't2_mig.yml' created in '/root/Migration-as-a-Service-2.0/src/northbound/config_files/migration'
INFO:root: 04:36:57.385882 SUCCESSFULLY migrated for tenant t2_mig
INFO:root: 04:36:57.386979 file 't2_mig.yml' modified in '/root/Migration-as-a-Service-2.0/src/northbound/config_files/migration'
INFO:root: 19:24:55.751639 file 't2.yml' created in '/root/Migration-as-a-Service-2.0/src/northbound/config_files/infrastructure'
INFO:root: 19:24:55.768922 Created t2/VM_templates directory for tenant t2.yml
ERROR:root: 19:26:30.214484 FAILED to create infrastructure for tenant t2
ERROR:root: 19:26:30.214894 FAILED to create infrastructure for tenant t2
INFO:root: 19:26:30.215087 file 't2.yml' modified in '/root/Migration-as-a-Service-2.0/src/northbound/config_files/infrastructure'
INFO:root: 19:30:43.228946 file 't2.yml' created in '/root/Migration-as-a-Service-2.0/src/northbound/config_files/infrastructure'
INFO:root: 19:30:43.235430 Created t2/VM_templates directory for tenant t2.yml
INFO:root: 19:39:43.490657 SUCCESSFULLY completed creating the required infrastructure for tenant t2
INFO:root: 19:39:43.493436 file 't2.yml' modified in '/root/Migration-as-a-Service-2.0/src/northbound/config_files/infrastructure'
INFO:root: 19:41:34.338334 file 't2_mig.yml' created in '/root/Migration-as-a-Service-2.0/src/northbound/config_files/migration'
INFO:root: 19:41:34.342691 Created t2_mig directory for tenant t2_mig.yml
INFO:root: 19:41:34.959607 SUCCESSFULLY migrated for tenant t2_mig
INFO:root: 19:41:34.960427 file 't2_mig.yml' modified in '/root/Migration-as-a-Service-2.0/src/northbound/config_files/migration'
INFO:root: 19:43:35.054162 file '.t2_mig.yml.swp' created in '/root/Migration-as-a-Service-2.0/src/northbound/config_files/migration'
INFO:root: 21:32:09.767318 file 't3.yml' created in '/root/Migration-as-a-Service-2.0/src/northbound/config_files/infrastructure'
INFO:root: 21:32:09.778069 Created t3/VM_templates directory for tenant t3.yml
INFO:root: 21:34:41.350902 SUCCESSFULLY completed creating the required infrastructure for tenant t3
INFO:root: 21:34:41.352554 file 't3.yml' modified in '/root/Migration-as-a-Service-2.0/src/northbound/config_files/infrastructure'
INFO:root: 21:36:17.378759 file 't3_mig.yml' created in '/root/Migration-as-a-Service-2.0/src/northbound/config_files/migration'
INFO:root: 21:36:17.382847 Created t3_mig directory for tenant t3_mig.yml
INFO:root: 21:36:17.935815 SUCCESSFULLY migrated for tenant t3_mig
INFO:root: 21:36:17.936479 file 't3_mig.yml' modified in '/root/Migration-as-a-Service-2.0/src/northbound/config_files/migration'
INFO:root: 21:50:22.264456 file '.t3_mig.yml.swp' created in '/root/Migration-as-a-Service-2.0/src/northbound/config_files/migration'
INFO:root: 23:58:18.776547 file 't4.yml' created in '/root/Migration-as-a-Service-2.0/src/northbound/config_files/infrastructure'
INFO:root: 23:58:18.783453 Created t4/VM_templates directory for tenant t4.yml
INFO:root: 00:00:49.372443 SUCCESSFULLY completed creating the required infrastructure for tenant t4
INFO:root: 00:00:49.374186 file 't4.yml' modified in '/root/Migration-as-a-Service-2.0/src/northbound/config_files/infrastructure'
INFO:root: 00:03:09.069624 file 't4_mig.yml' created in '/root/Migration-as-a-Service-2.0/src/northbound/config_files/migration'
INFO:root: 00:03:09.074954 Created t4_mig directory for tenant t4_mig.yml
INFO:root: 00:03:53.351498 SUCCESSFULLY migrated for tenant t4_mig
INFO:root: 00:03:53.352274 file 't4_mig.yml' modified in '/root/Migration-as-a-Service-2.0/src/northbound/config_files/migration'
INFO:root: 00:08:40.829130 file 't5.yml' created in '/root/Migration-as-a-Service-2.0/src/northbound/config_files/infrastructure'
INFO:root: 00:08:40.837474 Created t5/VM_templates directory for tenant t5.yml
INFO:root: 00:10:42.251201 SUCCESSFULLY completed creating the required infrastructure for tenant t5
INFO:root: 00:10:42.253083 file 't5.yml' modified in '/root/Migration-as-a-Service-2.0/src/northbound/config_files/infrastructure'
INFO:root: 00:12:42.064317 file 't5_mig.yml' created in '/root/Migration-as-a-Service-2.0/src/northbound/config_files/migration'
INFO:root: 00:12:42.069321 Created t5_mig directory for tenant t5_mig.yml
INFO:root: 00:13:44.830834 SUCCESSFULLY migrated for tenant t5_mig
INFO:root: 00:13:44.832377 file 't5_mig.yml' modified in '/root/Migration-as-a-Service-2.0/src/northbound/config_files/migration'
INFO:root: 00:25:15.435104 file 't5_mig.yml' deleted in '/root/Migration-as-a-Service-2.0/src/northbound/config_files/migration'
INFO:root: 00:25:17.913574 file 't5_mig.yml' created in '/root/Migration-as-a-Service-2.0/src/northbound/config_files/migration'
ERROR:root: 00:26:04.591807 FAILED to migrate for tenant t5_mig
INFO:root: 00:26:04.592519 SUCCESSFULLY migrated for tenant t5_mig
INFO:root: 00:26:04.592940 file 't5_mig.yml' modified in '/root/Migration-as-a-Service-2.0/src/northbound/config_files/migration'
INFO:root: 00:27:10.498523 file 't5_mig.yml' deleted in '/root/Migration-as-a-Service-2.0/src/northbound/config_files/migration'
INFO:root: 00:27:11.739325 file 't5_mig.yml' created in '/root/Migration-as-a-Service-2.0/src/northbound/config_files/migration'
INFO:root: 00:27:11.814651 SUCCESSFULLY migrated for tenant t5_mig
INFO:root: 00:27:11.815275 file 't5_mig.yml' modified in '/root/Migration-as-a-Service-2.0/src/northbound/config_files/migration'
INFO:root: 00:27:35.238341 file 't5_mig.yml' modified in '/root/Migration-as-a-Service-2.0/src/northbound/config_files/migration'
INFO:root: 00:27:35.238628 file 't5_mig.yml' modified in '/root/Migration-as-a-Service-2.0/src/northbound/config_files/migration'
INFO:root: 00:27:38.588839 file 't5_mig.yml' deleted in '/root/Migration-as-a-Service-2.0/src/northbound/config_files/migration'
INFO:root: 00:27:39.860015 file 't5_mig.yml' created in '/root/Migration-as-a-Service-2.0/src/northbound/config_files/migration'
ERROR:root: 00:28:18.364828 FAILED to migrate for tenant t5_mig
INFO:root: 00:28:18.365256 SUCCESSFULLY migrated for tenant t5_mig
INFO:root: 00:28:18.365543 file 't5_mig.yml' modified in '/root/Migration-as-a-Service-2.0/src/northbound/config_files/migration'
INFO:root: 00:28:56.870884 file 't5_mig.yml' modified in '/root/Migration-as-a-Service-2.0/src/northbound/config_files/migration'
INFO:root: 00:28:56.871348 file 't5_mig.yml' modified in '/root/Migration-as-a-Service-2.0/src/northbound/config_files/migration'
INFO:root: 00:29:06.724794 file 't5_mig.yml' deleted in '/root/Migration-as-a-Service-2.0/src/northbound/config_files/migration'
INFO:root: 00:29:10.775530 file 't5_mig.yml' created in '/root/Migration-as-a-Service-2.0/src/northbound/config_files/migration'
INFO:root: 00:29:20.444610 file 't5_mig.yml' deleted in '/root/Migration-as-a-Service-2.0/src/northbound/config_files/migration'
INFO:root: 00:29:21.679560 file 't5_mig.yml' created in '/root/Migration-as-a-Service-2.0/src/northbound/config_files/migration'
ERROR:root: 00:30:02.602710 FAILED to migrate for tenant t5_mig
INFO:root: 00:30:02.603827 SUCCESSFULLY migrated for tenant t5_mig
INFO:root: 00:30:02.604410 file 't5_mig.yml' modified in '/root/Migration-as-a-Service-2.0/src/northbound/config_files/migration'
INFO:root: 00:30:45.585907 file 't6.yml' created in '/root/Migration-as-a-Service-2.0/src/northbound/config_files/infrastructure'
INFO:root: 00:30:45.593226 Created t6/VM_templates directory for tenant t6.yml
ERROR:root: 00:30:50.885689 FAILED to create infrastructure for tenant t6
ERROR:root: 00:30:50.886092 FAILED to create infrastructure for tenant t6
INFO:root: 00:30:50.886306 file 't6.yml' modified in '/root/Migration-as-a-Service-2.0/src/northbound/config_files/infrastructure'
INFO:root: 00:33:42.191003 file 't7.yml' created in '/root/Migration-as-a-Service-2.0/src/northbound/config_files/infrastructure'
INFO:root: 00:33:42.199255 Created t7/VM_templates directory for tenant t7.yml
INFO:root: 00:35:44.330213 SUCCESSFULLY completed creating the required infrastructure for tenant t7
INFO:root: 00:35:44.332079 file 't7.yml' modified in '/root/Migration-as-a-Service-2.0/src/northbound/config_files/infrastructure'
INFO:root: 00:36:22.774922 file '.t5_mig.yml.swp' created in '/root/Migration-as-a-Service-2.0/src/northbound/config_files/migration'
INFO:root: 00:36:57.062610 file 't7_mig.yml' deleted in '/root/Migration-as-a-Service-2.0/src/northbound/config_files/migration'
INFO:root: 00:36:58.918484 file 't7_mig.yml' created in '/root/Migration-as-a-Service-2.0/src/northbound/config_files/migration'
INFO:root: 00:36:58.925288 Created t7_mig directory for tenant t7_mig.yml
INFO:root: 00:37:02.339602 SUCCESSFULLY migrated for tenant t7_mig
INFO:root: 00:37:02.340348 file 't7_mig.yml' modified in '/root/Migration-as-a-Service-2.0/src/northbound/config_files/migration'
INFO:root: 01:06:02.819939 file 't7_mig.yml' deleted in '/root/Migration-as-a-Service-2.0/src/northbound/config_files/migration'
INFO:root: 01:06:15.618951 file 't7_mig.yml' created in '/root/Migration-as-a-Service-2.0/src/northbound/config_files/migration'
ERROR:root: 01:06:16.198798 FAILED to migrate for tenant t7_mig
INFO:root: 01:06:16.199217 SUCCESSFULLY migrated for tenant t7_mig
INFO:root: 01:06:16.199527 file 't7_mig.yml' modified in '/root/Migration-as-a-Service-2.0/src/northbound/config_files/migration'
INFO:root: 01:13:55.452659 file 't7_mig.yml' deleted in '/root/Migration-as-a-Service-2.0/src/northbound/config_files/migration'
INFO:root: 01:13:56.969676 file 't7_mig.yml' created in '/root/Migration-as-a-Service-2.0/src/northbound/config_files/migration'
INFO:root: 01:13:57.044780 SUCCESSFULLY migrated for tenant t7_mig
INFO:root: 01:13:57.045425 file 't7_mig.yml' modified in '/root/Migration-as-a-Service-2.0/src/northbound/config_files/migration'
INFO:root: 01:14:30.069348 file 't7_mig.yml' deleted in '/root/Migration-as-a-Service-2.0/src/northbound/config_files/migration'
INFO:root: 01:14:32.703595 file 't7_mig.yml' created in '/root/Migration-as-a-Service-2.0/src/northbound/config_files/migration'
INFO:root: 01:14:37.353476 file 't7_mig.yml' deleted in '/root/Migration-as-a-Service-2.0/src/northbound/config_files/migration'
INFO:root: 01:14:38.593083 file 't7_mig.yml' created in '/root/Migration-as-a-Service-2.0/src/northbound/config_files/migration'
INFO:root: 01:14:48.263941 SUCCESSFULLY migrated for tenant t7_mig
INFO:root: 01:14:48.264613 file 't7_mig.yml' modified in '/root/Migration-as-a-Service-2.0/src/northbound/config_files/migration'
INFO:root: 01:18:04.913980 file 't8.yml' deleted in '/root/Migration-as-a-Service-2.0/src/northbound/config_files/infrastructure'
INFO:root: 01:18:05.844550 file 't8.yml' created in '/root/Migration-as-a-Service-2.0/src/northbound/config_files/infrastructure'
INFO:root: 01:18:05.852161 Created t8/VM_templates directory for tenant t8.yml
INFO:root: 01:20:14.292859 SUCCESSFULLY completed creating the required infrastructure for tenant t8
INFO:root: 01:20:14.294373 file 't8.yml' modified in '/root/Migration-as-a-Service-2.0/src/northbound/config_files/infrastructure'
INFO:root: 01:20:33.569953 file 't8_mig.yml' created in '/root/Migration-as-a-Service-2.0/src/northbound/config_files/migration'
INFO:root: 01:20:33.576546 Created t8_mig directory for tenant t8_mig.yml
ERROR:root: 01:21:05.322617 FAILED to migrate for tenant t8_mig
INFO:root: 01:21:05.323680 SUCCESSFULLY migrated for tenant t8_mig
INFO:root: 01:21:05.324534 file 't8_mig.yml' modified in '/root/Migration-as-a-Service-2.0/src/northbound/config_files/migration'
INFO:root: 01:21:24.954155 file '.t8_mig.yml.swp' created in '/root/Migration-as-a-Service-2.0/src/northbound/config_files/migration'
INFO:root: 01:22:33.253028 file 't8_mig.yml' deleted in '/root/Migration-as-a-Service-2.0/src/northbound/config_files/migration'
INFO:root: 01:22:42.213519 file 't8_mig.yml' created in '/root/Migration-as-a-Service-2.0/src/northbound/config_files/migration'
INFO:root: 01:23:27.349822 SUCCESSFULLY migrated for tenant t8_mig
INFO:root: 01:23:27.350427 file 't8_mig.yml' modified in '/root/Migration-as-a-Service-2.0/src/northbound/config_files/migration'
INFO:root: 01:28:43.724639 file 't8_mig.yml' deleted in '/root/Migration-as-a-Service-2.0/src/northbound/config_files/migration'
INFO:root: 01:28:44.954543 file 't8_mig.yml' created in '/root/Migration-as-a-Service-2.0/src/northbound/config_files/migration'
ERROR:root: 01:29:35.340791 FAILED to migrate for tenant t8_mig
INFO:root: 01:29:35.341242 SUCCESSFULLY migrated for tenant t8_mig
INFO:root: 01:29:35.341558 file 't8_mig.yml' modified in '/root/Migration-as-a-Service-2.0/src/northbound/config_files/migration'
INFO:root: 01:36:08.073937 file 't8_mig.yml' deleted in '/root/Migration-as-a-Service-2.0/src/northbound/config_files/migration'
INFO:root: 01:36:09.258528 file 't8_mig.yml' created in '/root/Migration-as-a-Service-2.0/src/northbound/config_files/migration'
ERROR:root: 01:36:56.686083 FAILED to migrate for tenant t8_mig
INFO:root: 01:36:56.686652 SUCCESSFULLY migrated for tenant t8_mig
INFO:root: 01:36:56.687048 file 't8_mig.yml' modified in '/root/Migration-as-a-Service-2.0/src/northbound/config_files/migration'
INFO:root: 01:37:50.578301 file 't8_mig.yml' deleted in '/root/Migration-as-a-Service-2.0/src/northbound/config_files/migration'
INFO:root: 01:38:13.237197 file 't8_mig.yml' created in '/root/Migration-as-a-Service-2.0/src/northbound/config_files/migration'
INFO:root: 01:39:12.114050 SUCCESSFULLY migrated for tenant t8_mig
INFO:root: 01:39:12.115288 file 't8_mig.yml' modified in '/root/Migration-as-a-Service-2.0/src/northbound/config_files/migration'
INFO:root: 01:42:54.329539 file 't9.yml' created in '/root/Migration-as-a-Service-2.0/src/northbound/config_files/infrastructure'
INFO:root: 01:42:54.337548 Created t9/VM_templates directory for tenant t9.yml
INFO:root: 01:45:09.297212 SUCCESSFULLY completed creating the required infrastructure for tenant t9
INFO:root: 01:45:09.298811 file 't9.yml' modified in '/root/Migration-as-a-Service-2.0/src/northbound/config_files/infrastructure'
INFO:root: 01:46:19.132931 file 't9_mig.yml' created in '/root/Migration-as-a-Service-2.0/src/northbound/config_files/migration'
INFO:root: 01:46:19.137417 Created t9_mig directory for tenant t9_mig.yml
INFO:root: 01:48:27.686936 SUCCESSFULLY migrated for tenant t9_mig
INFO:root: 01:48:27.688913 file 't9_mig.yml' modified in '/root/Migration-as-a-Service-2.0/src/northbound/config_files/migration'
INFO:root: 01:49:53.523444 file 't11.yml' created in '/root/Migration-as-a-Service-2.0/src/northbound/config_files/infrastructure'
INFO:root: 01:49:53.531881 Created t11/VM_templates directory for tenant t11.yml
INFO:root: 01:52:12.461598 SUCCESSFULLY completed creating the required infrastructure for tenant t11
INFO:root: 01:52:12.463303 file 't11.yml' modified in '/root/Migration-as-a-Service-2.0/src/northbound/config_files/infrastructure'
INFO:root: 01:54:13.059683 file 't11_mig.yml' created in '/root/Migration-as-a-Service-2.0/src/northbound/config_files/migration'
INFO:root: 01:54:13.065713 Created t11_mig directory for tenant t11_mig.yml
INFO:root: 01:56:22.493595 SUCCESSFULLY migrated for tenant t11_mig
INFO:root: 01:56:22.495497 file 't11_mig.yml' modified in '/root/Migration-as-a-Service-2.0/src/northbound/config_files/migration'
